# JRE version: Java(TM) SE Runtime Environment (8.0_72-b15) (build 1.8.0_72-b15)
# Java VM: Java HotSpot(TM) 64-Bit Server VM (25.72-b15 mixed mode bsd-amd64 compressed oops)
Heap:
 PSYoungGen      total 267264K, used 131332K [0x00000007aab00000, 0x00000007c0000000, 0x00000007c0000000)
  eden space 236032K, 55% used [0x00000007aab00000,0x00000007b2b41280,0x00000007b9180000)
  from space 31232K, 0% used [0x00000007b9180000,0x00000007b9180000,0x00000007bb000000)
  to   space 46080K, 0% used [0x00000007bd300000,0x00000007bd300000,0x00000007c0000000)
 ParOldGen       total 552960K, used 75454K [0x0000000780000000, 0x00000007a1c00000, 0x00000007aab00000)
  object space 552960K, 13% used [0x0000000780000000,0x00000007849afb88,0x00000007a1c00000)
 Metaspace       used 84651K, capacity 85245K, committed 85632K, reserved 1120256K
  class space    used 15246K, capacity 15422K, committed 15488K, reserved 1048576K
GC Heap History (10 events):
Event: 7.938 GC heap before
{Heap before GC invocations=10 (full 4):
 PSYoungGen      total 198144K, used 176640K [0x00000007aab00000, 0x00000007b8180000, 0x00000007c0000000)
  eden space 176640K, 100% used [0x00000007aab00000,0x00000007b5780000,0x00000007b5780000)
  from space 21504K, 0% used [0x00000007b5780000,0x00000007b5780000,0x00000007b6c80000)
  to   space 21504K, 0% used [0x00000007b6c80000,0x00000007b6c80000,0x00000007b8180000)
 ParOldGen       total 373760K, used 17128K [0x0000000780000000, 0x0000000796d00000, 0x00000007aab00000)
  object space 373760K, 4% used [0x0000000780000000,0x00000007810ba1f0,0x0000000796d00000)
 Metaspace       used 45979K, capacity 46344K, committed 46720K, reserved 1087488K
  class space    used 8850K, capacity 8975K, committed 9088K, reserved 1048576K
Event: 7.946 GC heap after
Heap after GC invocations=10 (full 4):
 PSYoungGen      total 198144K, used 9599K [0x00000007aab00000, 0x00000007bb980000, 0x00000007c0000000)
  eden space 176640K, 0% used [0x00000007aab00000,0x00000007aab00000,0x00000007b5780000)
  from space 21504K, 44% used [0x00000007b6c80000,0x00000007b75dffa0,0x00000007b8180000)
  to   space 21504K, 0% used [0x00000007b5780000,0x00000007b5780000,0x00000007b6c80000)
 ParOldGen       total 373760K, used 17136K [0x0000000780000000, 0x0000000796d00000, 0x00000007aab00000)
  object space 373760K, 4% used [0x0000000780000000,0x00000007810bc1f0,0x0000000796d00000)
 Metaspace       used 45979K, capacity 46344K, committed 46720K, reserved 1087488K
  class space    used 8850K, capacity 8975K, committed 9088K, reserved 1048576K
}
Event: 9.013 GC heap before
{Heap before GC invocations=11 (full 4):
 PSYoungGen      total 198144K, used 185633K [0x00000007aab00000, 0x00000007bb980000, 0x00000007c0000000)
  eden space 176640K, 99% used [0x00000007aab00000,0x00000007b56e87e0,0x00000007b5780000)
  from space 21504K, 44% used [0x00000007b6c80000,0x00000007b75dffa0,0x00000007b8180000)
  to   space 21504K, 0% used [0x00000007b5780000,0x00000007b5780000,0x00000007b6c80000)
 ParOldGen       total 373760K, used 17136K [0x0000000780000000, 0x0000000796d00000, 0x00000007aab00000)
  object space 373760K, 4% used [0x0000000780000000,0x00000007810bc1f0,0x0000000796d00000)
 Metaspace       used 51133K, capacity 51464K, committed 51712K, reserved 1091584K
  class space    used 9747K, capacity 9871K, committed 9984K, reserved 1048576K
Event: 9.031 GC heap after
Heap after GC invocations=11 (full 4):
 PSYoungGen      total 198144K, used 17286K [0x00000007aab00000, 0x00000007bc500000, 0x00000007c0000000)
  eden space 176640K, 0% used [0x00000007aab00000,0x00000007aab00000,0x00000007b5780000)
  from space 21504K, 80% used [0x00000007b5780000,0x00000007b68618d8,0x00000007b6c80000)
  to   space 21504K, 0% used [0x00000007bb000000,0x00000007bb000000,0x00000007bc500000)
 ParOldGen       total 373760K, used 17144K [0x0000000780000000, 0x0000000796d00000, 0x00000007aab00000)
  object space 373760K, 4% used [0x0000000780000000,0x00000007810be1f0,0x0000000796d00000)
 Metaspace       used 51133K, capacity 51464K, committed 51712K, reserved 1091584K
  class space    used 9747K, capacity 9871K, committed 9984K, reserved 1048576K
}
Event: 10.158 GC heap before
{Heap before GC invocations=12 (full 4):
 PSYoungGen      total 198144K, used 193926K [0x00000007aab00000, 0x00000007bc500000, 0x00000007c0000000)
  eden space 176640K, 100% used [0x00000007aab00000,0x00000007b5780000,0x00000007b5780000)
  from space 21504K, 80% used [0x00000007b5780000,0x00000007b68618d8,0x00000007b6c80000)
  to   space 21504K, 0% used [0x00000007bb000000,0x00000007bb000000,0x00000007bc500000)
 ParOldGen       total 373760K, used 17144K [0x0000000780000000, 0x0000000796d00000, 0x00000007aab00000)
  object space 373760K, 4% used [0x0000000780000000,0x00000007810be1f0,0x0000000796d00000)
 Metaspace       used 61854K, capacity 62306K, committed 62336K, reserved 1099776K
  class space    used 11752K, capacity 11895K, committed 11904K, reserved 1048576K
Event: 10.196 GC heap after
Heap after GC invocations=12 (full 4):
 PSYoungGen      total 257536K, used 21489K [0x00000007aab00000, 0x00000007bec00000, 0x00000007c0000000)
  eden space 236032K, 0% used [0x00000007aab00000,0x00000007aab00000,0x00000007b9180000)
  from space 21504K, 99% used [0x00000007bb000000,0x00000007bc4fc710,0x00000007bc500000)
  to   space 31232K, 0% used [0x00000007b9180000,0x00000007b9180000,0x00000007bb000000)
 ParOldGen       total 373760K, used 32735K [0x0000000780000000, 0x0000000796d00000, 0x00000007aab00000)
  object space 373760K, 8% used [0x0000000780000000,0x0000000781ff7e68,0x0000000796d00000)
 Metaspace       used 61854K, capacity 62306K, committed 62336K, reserved 1099776K
  class space    used 11752K, capacity 11895K, committed 11904K, reserved 1048576K
}
Event: 11.029 GC heap before
{Heap before GC invocations=13 (full 4):
 PSYoungGen      total 257536K, used 103588K [0x00000007aab00000, 0x00000007bec00000, 0x00000007c0000000)
  eden space 236032K, 34% used [0x00000007aab00000,0x00000007afb2cc68,0x00000007b9180000)
  from space 21504K, 99% used [0x00000007bb000000,0x00000007bc4fc710,0x00000007bc500000)
  to   space 31232K, 0% used [0x00000007b9180000,0x00000007b9180000,0x00000007bb000000)
 ParOldGen       total 373760K, used 32735K [0x0000000780000000, 0x0000000796d00000, 0x00000007aab00000)
  object space 373760K, 8% used [0x0000000780000000,0x0000000781ff7e68,0x0000000796d00000)
 Metaspace       used 69673K, capacity 70220K, committed 70400K, reserved 1105920K
  class space    used 12758K, capacity 12953K, committed 13056K, reserved 1048576K
Event: 11.081 GC heap after
Heap after GC invocations=13 (full 4):
 PSYoungGen      total 267264K, used 31217K [0x00000007aab00000, 0x00000007c0000000, 0x00000007c0000000)
  eden space 236032K, 0% used [0x00000007aab00000,0x00000007aab00000,0x00000007b9180000)
  from space 31232K, 99% used [0x00000007b9180000,0x00000007baffc720,0x00000007bb000000)
  to   space 46080K, 0% used [0x00000007bd300000,0x00000007bd300000,0x00000007c0000000)
 ParOldGen       total 373760K, used 58251K [0x0000000780000000, 0x0000000796d00000, 0x00000007aab00000)
  object space 373760K, 15% used [0x0000000780000000,0x00000007838e2f00,0x0000000796d00000)
 Metaspace       used 69673K, capacity 70220K, committed 70400K, reserved 1105920K
  class space    used 12758K, capacity 12953K, committed 13056K, reserved 1048576K
}
Event: 11.081 GC heap before
{Heap before GC invocations=14 (full 5):
 PSYoungGen      total 267264K, used 31217K [0x00000007aab00000, 0x00000007c0000000, 0x00000007c0000000)
  eden space 236032K, 0% used [0x00000007aab00000,0x00000007aab00000,0x00000007b9180000)
  from space 31232K, 99% used [0x00000007b9180000,0x00000007baffc720,0x00000007bb000000)
  to   space 46080K, 0% used [0x00000007bd300000,0x00000007bd300000,0x00000007c0000000)
 ParOldGen       total 373760K, used 58251K [0x0000000780000000, 0x0000000796d00000, 0x00000007aab00000)
  object space 373760K, 15% used [0x0000000780000000,0x00000007838e2f00,0x0000000796d00000)
 Metaspace       used 69673K, capacity 70220K, committed 70400K, reserved 1105920K
  class space    used 12758K, capacity 12953K, committed 13056K, reserved 1048576K
Event: 11.295 GC heap after
Heap after GC invocations=14 (full 5):
 PSYoungGen      total 267264K, used 0K [0x00000007aab00000, 0x00000007c0000000, 0x00000007c0000000)
  eden space 236032K, 0% used [0x00000007aab00000,0x00000007aab00000,0x00000007b9180000)
  from space 31232K, 0% used [0x00000007b9180000,0x00000007b9180000,0x00000007bb000000)
  to   space 46080K, 0% used [0x00000007bd300000,0x00000007bd300000,0x00000007c0000000)
 ParOldGen       total 552960K, used 75454K [0x0000000780000000, 0x00000007a1c00000, 0x00000007aab00000)
  object space 552960K, 13% used [0x0000000780000000,0x00000007849afb88,0x00000007a1c00000)
 Metaspace       used 69653K, capacity 70188K, committed 70400K, reserved 1105920K
  class space    used 12753K, capacity 12945K, committed 13056K, reserved 1048576K
}

